<?xml version="1.0" encoding="UTF-8" ?>
<testsuite failures="0" time="34.45" errors="0" skipped="0" tests="4" name="threshsig.ThreshTest">
  <properties>
[...]
</properties>
  <testcase time="2.806" classname="threshsig.ThreshTest" name="testVerifySignatures"/>
  <testcase time="4.271" classname="threshsig.ThreshTest" name="testVerifySignaturesAgain"/>
  <testcase time="3.466" classname="threshsig.ThreshTest" name="testVerifyBadSignature"/>
  <testcase time="23.825" classname="threshsig.ThreshTest" name="testPerformance"/>
</testsuite>